
> vibe-generated-app@1.0.0 dev
> vite


  VITE v5.4.20  ready in 223 ms

  ➜  Local:   http://localhost:3000/
  ➜  Network: http://172.20.17.18:3000/
5:33:12 AM [vite] Pre-transform error: Transform failed with 1 error:
/home/workspace/src/components/NutritionModule.jsx:68:36: ERROR: Expected "}" but found "$"
5:33:13 AM [vite] Internal server error: Transform failed with 1 error:
/home/workspace/src/components/NutritionModule.jsx:68:36: ERROR: Expected "}" but found "$"
  Plugin: vite:esbuild
  File: /home/workspace/src/components/NutritionModule.jsx:68:36
  
  Expected "}" but found "$"
  66 |              { label: "Protein", value: `${totals.protein} g` },
  67 |              { label: "Carbs", value: `${totals.carbs} g" },
  68 |              { label: "Fat", value: `${totals.fat} g` },
     |                                      ^
  69 |            ].map((s) => (
  70 |              <div key={s.label} className="bg-teal-50 rounded-lg py-2">
  
      at failureErrorWithLog (/home/workspace/node_modules/esbuild/lib/main.js:1472:15)
      at /home/workspace/node_modules/esbuild/lib/main.js:755:50
      at responseCallbacks.<computed> (/home/workspace/node_modules/esbuild/lib/main.js:622:9)
      at handleIncomingPacket (/home/workspace/node_modules/esbuild/lib/main.js:677:12)
      at Socket.readFromStdout (/home/workspace/node_modules/esbuild/lib/main.js:600:7)
      at Socket.emit (node:events:508:28)
      at addChunk (node:internal/streams/readable:559:12)
      at readableAddChunkPushByteMode (node:internal/streams/readable:510:3)
      at Readable.push (node:internal/streams/readable:390:5)
      at Pipe.onStreamRead (node:internal/stream_base_commons:189:23)
5:33:22 AM [vite] Internal server error: Transform failed with 1 error:
/home/workspace/src/components/NutritionModule.jsx:68:36: ERROR: Expected "}" but found "$"
  Plugin: vite:esbuild
  File: /home/workspace/src/components/NutritionModule.jsx:68:36
  
  Expected "}" but found "$"
  66 |              { label: "Protein", value: `${totals.protein} g` },
  67 |              { label: "Carbs", value: `${totals.carbs} g" },
  68 |              { label: "Fat", value: `${totals.fat} g` },
     |                                      ^
  69 |            ].map((s) => (
  70 |              <div key={s.label} className="bg-teal-50 rounded-lg py-2">
  
      at failureErrorWithLog (/home/workspace/node_modules/esbuild/lib/main.js:1472:15)
      at /home/workspace/node_modules/esbuild/lib/main.js:755:50
      at responseCallbacks.<computed> (/home/workspace/node_modules/esbuild/lib/main.js:622:9)
      at handleIncomingPacket (/home/workspace/node_modules/esbuild/lib/main.js:677:12)
      at Socket.readFromStdout (/home/workspace/node_modules/esbuild/lib/main.js:600:7)
      at Socket.emit (node:events:508:28)
      at addChunk (node:internal/streams/readable:559:12)
      at readableAddChunkPushByteMode (node:internal/streams/readable:510:3)
      at Readable.push (node:internal/streams/readable:390:5)
      at Pipe.onStreamRead (node:internal/stream_base_commons:189:23)
